<?xml version="1.0" encoding="UTF-8"?>
<!-- Generated by org.testng.reporters.JUnitReportReporter -->
<testsuite hostname="DESKTOP-A8HT28E" failures="0" tests="1" name="com.inetBanking.testCases.TC_Login_001" time="1.438" errors="0" timestamp="2021-04-18T19:08:47 IST" skipped="0">
  <testcase classname="com.inetBanking.testCases.TC_Login_001" name="loginTest" time="1.438"/>
  <system-out/>
</testsuite> <!-- com.inetBanking.testCases.TC_Login_001 -->
